# JRE version: OpenJDK Runtime Environment (17.0.9) (build 17.0.9+0--11185874)
# Java VM: OpenJDK 64-Bit Server VM (17.0.9+0--11185874, mixed mode, tiered, compressed oops, compressed class ptrs, g1 gc, windows-amd64)
GC Precious Log:
 CPUs: 4 total, 4 available
 Memory: 11208M
 Large Page Support: Disabled
 NUMA Support: Disabled
 Compressed Oops: Enabled (32-bit)
 Heap Region Size: 1M
 Heap Min Capacity: 8M
 Heap Initial Capacity: 176M
 Heap Max Capacity: 2G
 Pre-touch: Disabled
 Parallel Workers: 4
 Concurrent Workers: 1
 Concurrent Refinement Workers: 4
 Periodic GC: Disabled
Heap:
 garbage-first heap   total 275456K, used 147602K [0x0000000080000000, 0x0000000100000000)
  region size 1024K, 6 young (6144K), 6 survivors (6144K)
 Metaspace       used 146081K, committed 147456K, reserved 1179648K
  class space    used 20039K, committed 20672K, reserved 1048576K
GC Heap History (20 events):
Event: 2136.474 GC heap after
{Heap after GC invocations=86 (full 0):
 garbage-first heap   total 275456K, used 149269K [0x0000000080000000, 0x0000000100000000)
  region size 1024K, 2 young (2048K), 2 survivors (2048K)
 Metaspace       used 126772K, committed 128000K, reserved 1179648K
  class space    used 17174K, committed 17792K, reserved 1048576K
}
Event: 2143.643 GC heap before
{Heap before GC invocations=86 (full 0):
 garbage-first heap   total 275456K, used 224021K [0x0000000080000000, 0x0000000100000000)
  region size 1024K, 76 young (77824K), 2 survivors (2048K)
 Metaspace       used 132190K, committed 133440K, reserved 1179648K
  class space    used 17906K, committed 18496K, reserved 1048576K
}
Event: 2143.658 GC heap after
{Heap after GC invocations=87 (full 0):
 garbage-first heap   total 275456K, used 156319K [0x0000000080000000, 0x0000000100000000)
  region size 1024K, 9 young (9216K), 9 survivors (9216K)
 Metaspace       used 132190K, committed 133440K, reserved 1179648K
  class space    used 17906K, committed 18496K, reserved 1048576K
}
Event: 2149.513 GC heap before
{Heap before GC invocations=88 (full 0):
 garbage-first heap   total 275456K, used 219807K [0x0000000080000000, 0x0000000100000000)
  region size 1024K, 77 young (78848K), 9 survivors (9216K)
 Metaspace       used 141341K, committed 142592K, reserved 1179648K
  class space    used 19305K, committed 19904K, reserved 1048576K
}
Event: 2149.527 GC heap after
{Heap after GC invocations=89 (full 0):
 garbage-first heap   total 275456K, used 152150K [0x0000000080000000, 0x0000000100000000)
  region size 1024K, 2 young (2048K), 2 survivors (2048K)
 Metaspace       used 141341K, committed 142592K, reserved 1179648K
  class space    used 19305K, committed 19904K, reserved 1048576K
}
Event: 2149.894 GC heap before
{Heap before GC invocations=89 (full 0):
 garbage-first heap   total 275456K, used 163414K [0x0000000080000000, 0x0000000100000000)
  region size 1024K, 13 young (13312K), 2 survivors (2048K)
 Metaspace       used 142776K, committed 144064K, reserved 1179648K
  class space    used 19547K, committed 20160K, reserved 1048576K
}
Event: 2149.911 GC heap after
{Heap after GC invocations=90 (full 0):
 garbage-first heap   total 275456K, used 140630K [0x0000000080000000, 0x0000000100000000)
  region size 1024K, 1 young (1024K), 1 survivors (1024K)
 Metaspace       used 142776K, committed 144064K, reserved 1179648K
  class space    used 19547K, committed 20160K, reserved 1048576K
}
Event: 2151.582 GC heap before
{Heap before GC invocations=90 (full 0):
 garbage-first heap   total 275456K, used 164182K [0x0000000080000000, 0x0000000100000000)
  region size 1024K, 26 young (26624K), 1 survivors (1024K)
 Metaspace       used 145055K, committed 146368K, reserved 1179648K
  class space    used 19979K, committed 20608K, reserved 1048576K
}
Event: 2151.588 GC heap after
{Heap after GC invocations=91 (full 0):
 garbage-first heap   total 275456K, used 141328K [0x0000000080000000, 0x0000000100000000)
  region size 1024K, 2 young (2048K), 2 survivors (2048K)
 Metaspace       used 145055K, committed 146368K, reserved 1179648K
  class space    used 19979K, committed 20608K, reserved 1048576K
}
Event: 2942.812 GC heap before
{Heap before GC invocations=92 (full 0):
 garbage-first heap   total 275456K, used 236560K [0x0000000080000000, 0x0000000100000000)
  region size 1024K, 86 young (88064K), 2 survivors (2048K)
 Metaspace       used 145272K, committed 146624K, reserved 1179648K
  class space    used 19989K, committed 20608K, reserved 1048576K
}
Event: 2942.831 GC heap after
{Heap after GC invocations=93 (full 0):
 garbage-first heap   total 275456K, used 147936K [0x0000000080000000, 0x0000000100000000)
  region size 1024K, 9 young (9216K), 9 survivors (9216K)
 Metaspace       used 145272K, committed 146624K, reserved 1179648K
  class space    used 19989K, committed 20608K, reserved 1048576K
}
Event: 2942.936 GC heap before
{Heap before GC invocations=93 (full 0):
 garbage-first heap   total 275456K, used 152032K [0x0000000080000000, 0x0000000100000000)
  region size 1024K, 13 young (13312K), 9 survivors (9216K)
 Metaspace       used 145277K, committed 146624K, reserved 1179648K
  class space    used 19989K, committed 20608K, reserved 1048576K
}
Event: 2942.968 GC heap after
{Heap after GC invocations=94 (full 0):
 garbage-first heap   total 275456K, used 143043K [0x0000000080000000, 0x0000000100000000)
  region size 1024K, 2 young (2048K), 2 survivors (2048K)
 Metaspace       used 145277K, committed 146624K, reserved 1179648K
  class space    used 19989K, committed 20608K, reserved 1048576K
}
Event: 3334.376 GC heap before
{Heap before GC invocations=94 (full 0):
 garbage-first heap   total 275456K, used 225987K [0x0000000080000000, 0x0000000100000000)
  region size 1024K, 83 young (84992K), 2 survivors (2048K)
 Metaspace       used 145497K, committed 146816K, reserved 1179648K
  class space    used 19991K, committed 20608K, reserved 1048576K
}
Event: 3334.476 GC heap after
{Heap after GC invocations=95 (full 0):
 garbage-first heap   total 275456K, used 149303K [0x0000000080000000, 0x0000000100000000)
  region size 1024K, 9 young (9216K), 9 survivors (9216K)
 Metaspace       used 145497K, committed 146816K, reserved 1179648K
  class space    used 19991K, committed 20608K, reserved 1048576K
}
Event: 3336.945 GC heap before
{Heap before GC invocations=96 (full 0):
 garbage-first heap   total 275456K, used 213815K [0x0000000080000000, 0x0000000100000000)
  region size 1024K, 84 young (86016K), 9 survivors (9216K)
 Metaspace       used 145933K, committed 147264K, reserved 1179648K
  class space    used 20030K, committed 20672K, reserved 1048576K
}
Event: 3336.987 GC heap after
{Heap after GC invocations=97 (full 0):
 garbage-first heap   total 275456K, used 148480K [0x0000000080000000, 0x0000000100000000)
  region size 1024K, 11 young (11264K), 11 survivors (11264K)
 Metaspace       used 145933K, committed 147264K, reserved 1179648K
  class space    used 20030K, committed 20672K, reserved 1048576K
}
Event: 3337.157 GC heap before
{Heap before GC invocations=97 (full 0):
 garbage-first heap   total 275456K, used 150528K [0x0000000080000000, 0x0000000100000000)
  region size 1024K, 13 young (13312K), 11 survivors (11264K)
 Metaspace       used 145943K, committed 147264K, reserved 1179648K
  class space    used 20030K, committed 20672K, reserved 1048576K
}
Event: 3337.198 GC heap after
{Heap after GC invocations=98 (full 0):
 garbage-first heap   total 275456K, used 144103K [0x0000000080000000, 0x0000000100000000)
  region size 1024K, 2 young (2048K), 2 survivors (2048K)
 Metaspace       used 145943K, committed 147264K, reserved 1179648K
  class space    used 20030K, committed 20672K, reserved 1048576K
}
Event: 3354.455 GC heap before
{Heap before GC invocations=98 (full 0):
 garbage-first heap   total 275456K, used 220903K [0x0000000080000000, 0x0000000100000000)
  region size 1024K, 78 young (79872K), 2 survivors (2048K)
 Metaspace       used 146081K, committed 147456K, reserved 1179648K
  class space    used 20039K, committed 20672K, reserved 1048576K
}

